<?xml version="1.0" encoding="UTF-8"?>
<testsuite xmlns:xsi="http://www.w3.org/2001/XMLSchema-instance" xsi:noNamespaceSchemaLocation="https://maven.apache.org/surefire/maven-surefire-plugin/xsd/surefire-test-report-3.0.xsd" version="3.0" name="gr2313.booking.RoomTest" time="0.037" tests="7" errors="0" skipped="0" failures="0">
  <properties>
[...]
</properties>
  <testcase name="testBookedTo" classname="gr2313.booking.RoomTest" time="0.016"/>
  <testcase name="testToString" classname="gr2313.booking.RoomTest" time="0.005"/>
  <testcase name="testBooking" classname="gr2313.booking.RoomTest" time="0.001"/>
  <testcase name="testRoomNumber" classname="gr2313.booking.RoomTest" time="0.0"/>
  <testcase name="testRoomCapacity" classname="gr2313.booking.RoomTest" time="0.0"/>
  <testcase name="testPricePerNight" classname="gr2313.booking.RoomTest" time="0.0"/>
  <testcase name="testBookedFrom" classname="gr2313.booking.RoomTest" time="0.001"/>
</testsuite>